#
# A fatal error has been detected by the Java Runtime Environment:
#
#  EXCEPTION_ACCESS_VIOLATION (0xc0000005) at pc=0x0000000057eb1026, pid=7796, tid=0x0000000000001e0c
#
# JRE version: OpenJDK Runtime Environment (8.0_212-b04) (build 1.8.0_212-release-1586-b04)
# Java VM: OpenJDK 64-Bit Server VM (25.212-b04 mixed mode windows-amd64 compressed oops)
# Problematic frame:
# V  [jvm.dll+0x3e1026]
#
# Failed to write core dump. Minidumps are not enabled by default on client versions of Windows
#
# If you would like to submit a bug report, please visit:
#   
#

---------------  T H R E A D  ---------------

Current thread (0x000000001448a800):  JavaThread "C1 CompilerThread2" daemon [_thread_in_native, id=7692, stack(0x0000000015d20000,0x0000000015e20000)]

siginfo: ExceptionCode=0xc0000005, reading address 0x0000000000000010

Registers:
RAX=0x0000000000000000, RBX=0x00000000177ed320, RCX=0x00000000177ed320, RDX=0x00000000172642b0
RSP=0x0000000015e1e510, RBP=0x0000000000000000, RSI=0x0000000000000029, RDI=0x000000000000000b
R8 =0x0000000015e1e8b0, R9 =0x000000001d91bc90, R10=0x000000001b6426e0, R11=0x0000000000000029
R12=0x00000000172642b0, R13=0x000000001d51b210, R14=0x0000000015e1e8b0, R15=0x0000000000000000
RIP=0x0000000057eb1026, EFLAGS=0x0000000000010202

Top of Stack: (sp=0x0000000015e1e510)
0x0000000015e1e510:   0000000015e1e8b0 0000000057ec03a9
0x0000000015e1e520:   000000001d51a250 0000000000000000
0x0000000015e1e530:   ffffffffffffffff 0000000000000000
0x0000000015e1e540:   0000000016b3b3a0 0000000057ec033e
0x0000000015e1e550:   0000000000000000 00000000172642b0
0x0000000015e1e560:   0000000015e1e870 0000000015e1e8b0
0x0000000015e1e570:   0000000015e1e8b0 0000000057ec03a9
0x0000000015e1e580:   000000001d51bc50 0000000000000000
0x0000000015e1e590:   0000000017263230 0000000015e1e870
0x0000000015e1e5a0:   0000000015e1e8b0 0000000057ec03a9
0x0000000015e1e5b0:   000000001d51ad80 0000000000000000
0x0000000015e1e5c0:   000000001b317820 0000000015e1e870
0x0000000015e1e5d0:   0000000015e1e8b0 0000000057ec03a9
0x0000000015e1e5e0:   000000001abf5920 0000000000000000
0x0000000015e1e5f0:   000000001b3162e0 0000000015e1e870
0x0000000015e1e600:   0000000015e1e8b0 0000000057ec03a9 

Instructions: (pc=0x0000000057eb1026)
0x0000000057eb1006:   8b 75 18 85 f6 7e 4c 0f 1f 00 49 8b 45 20 48 63
0x0000000057eb1016:   cf 48 8b 1c c8 48 85 db 74 2e 48 8b 03 48 8b cb
0x0000000057eb1026:   ff 50 10 48 85 c0 74 11 4c 39 60 58 75 0b 48 8b
0x0000000057eb1036:   d0 49 8b ce e8 21 fe ff ff 48 8b 43 18 83 78 0c 


Register to memory mapping:

RAX=0x0000000000000000 is an unknown value
RBX=0x00000000177ed320 is an unknown value
RCX=0x00000000177ed320 is an unknown value
RDX=0x00000000172642b0 is an unknown value
RSP=0x0000000015e1e510 is pointing into the stack for thread: 0x000000001448a800
RBP=0x0000000000000000 is an unknown value
RSI=0x0000000000000029 is an unknown value
RDI=0x000000000000000b is an unknown value
R8 =0x0000000015e1e8b0 is pointing into the stack for thread: 0x000000001448a800
R9 =0x000000001d91bc90 is an unknown value
R10=0x000000001b6426e0 is an unknown value
R11=0x0000000000000029 is an unknown value
R12=0x00000000172642b0 is an unknown value
R13=0x000000001d51b210 is an unknown value
R14=0x0000000015e1e8b0 is pointing into the stack for thread: 0x000000001448a800
R15=0x0000000000000000 is an unknown value


Stack: [0x0000000015d20000,0x0000000015e20000],  sp=0x0000000015e1e510,  free space=1017k
Native frames: (J=compiled Java code, j=interpreted, Vv=VM code, C=native code)


Current CompileTask:
C1:   8125 2708       3       groovyjarjarasm.asm.ClassReader::readCode (5089 bytes)


---------------  P R O C E S S  ---------------

Java Threads: ( => current thread )
  0x0000000017aa8000 JavaThread "Cache worker for execution history cache (C:\Users\geile\.gradle\caches\5.6.4\executionHistory)" [_thread_blocked, id=3020, stack(0x000000001e230000,0x000000001e330000)]
  0x0000000017aa9000 JavaThread "Cache worker for cache directory md-rule (C:\Users\geile\.gradle\caches\5.6.4\md-rule)" [_thread_blocked, id=14304, stack(0x000000001e130000,0x000000001e230000)]
  0x0000000017aa9800 JavaThread "Cache worker for cache directory md-supplier (C:\Users\geile\.gradle\caches\5.6.4\md-supplier)" [_thread_blocked, id=7280, stack(0x000000001cd70000,0x000000001ce70000)]
  0x0000000017df6000 JavaThread "Cache worker for file hash cache (C:\Users\geile\Desktop\ud845-Pets\.gradle\5.6.4\fileHashes)" [_thread_blocked, id=5040, stack(0x000000001ca70000,0x000000001cb70000)]
  0x0000000017df8800 JavaThread "Cache worker for journal cache (C:\Users\geile\.gradle\caches\journal-1)" [_thread_blocked, id=11492, stack(0x000000001a270000,0x000000001a370000)]
  0x0000000017df9000 JavaThread "File lock request listener" [_thread_in_native, id=7616, stack(0x000000001a170000,0x000000001a270000)]
  0x0000000017df3000 JavaThread "Cache worker for file hash cache (C:\Users\geile\.gradle\caches\5.6.4\fileHashes)" [_thread_blocked, id=11012, stack(0x000000001a070000,0x000000001a170000)]
  0x0000000017df7800 JavaThread "Thread-9" [_thread_blocked, id=11424, stack(0x0000000019d70000,0x0000000019e70000)]
  0x0000000017df5800 JavaThread "Stdin handler" [_thread_blocked, id=1920, stack(0x0000000019c70000,0x0000000019d70000)]
  0x0000000017f0e000 JavaThread "Asynchronous log dispatcher for DefaultDaemonConnection: socket connection from /127.0.0.1:60422 to /127.0.0.1:60423" [_thread_blocked, id=12492, stack(0x0000000019b70000,0x0000000019c70000)]
  0x0000000017f0d000 JavaThread "Daemon worker" [_thread_in_Java, id=2940, stack(0x0000000019a70000,0x0000000019b70000)]
  0x0000000018088800 JavaThread "Cancel handler" [_thread_blocked, id=2956, stack(0x0000000019970000,0x0000000019a70000)]
  0x0000000017f1c000 JavaThread "Handler for socket connection from /127.0.0.1:60422 to /127.0.0.1:60423" [_thread_in_native, id=10952, stack(0x0000000019670000,0x0000000019770000)]
  0x0000000017f23000 JavaThread "Daemon" [_thread_blocked, id=9072, stack(0x0000000019570000,0x0000000019670000)]
  0x0000000017efc800 JavaThread "Daemon periodic checks" [_thread_blocked, id=7508, stack(0x0000000019470000,0x0000000019570000)]
  0x0000000017efb000 JavaThread "Incoming local TCP Connector on port 60422" [_thread_in_native, id=11772, stack(0x0000000019200000,0x0000000019300000)]
  0x0000000017df0800 JavaThread "Daemon health stats" [_thread_blocked, id=10344, stack(0x0000000018bc0000,0x0000000018cc0000)]
  0x0000000015e48800 JavaThread "Service Thread" daemon [_thread_blocked, id=15272, stack(0x0000000016220000,0x0000000016320000)]
=>0x000000001448a800 JavaThread "C1 CompilerThread2" daemon [_thread_in_native, id=7692, stack(0x0000000015d20000,0x0000000015e20000)]
  0x0000000014483000 JavaThread "C2 CompilerThread1" daemon [_thread_in_native, id=1456, stack(0x0000000015c20000,0x0000000015d20000)]
  0x000000001447d000 JavaThread "C2 CompilerThread0" daemon [_thread_blocked, id=7228, stack(0x0000000015b20000,0x0000000015c20000)]
  0x000000001447a800 JavaThread "Attach Listener" daemon [_thread_blocked, id=13304, stack(0x0000000015a20000,0x0000000015b20000)]
  0x0000000014479800 JavaThread "Signal Dispatcher" daemon [_thread_blocked, id=14072, stack(0x0000000015920000,0x0000000015a20000)]
  0x000000000305b800 JavaThread "Finalizer" daemon [_thread_blocked, id=6928, stack(0x0000000015700000,0x0000000015800000)]
  0x0000000014469000 JavaThread "Reference Handler" daemon [_thread_blocked, id=5132, stack(0x0000000015600000,0x0000000015700000)]
  0x0000000002f5e000 JavaThread "main" [_thread_blocked, id=11096, stack(0x0000000002e20000,0x0000000002f20000)]

Other Threads:
  0x0000000014447000 VMThread [stack: 0x0000000015500000,0x0000000015600000] [id=6708]
  0x00000000144dd000 WatcherThread [stack: 0x0000000016320000,0x0000000016420000] [id=10492]

VM state:not at safepoint (normal execution)

VM Mutex/Monitor currently owned by a thread: None

heap address: 0x00000000e0000000, size: 512 MB, Compressed Oops mode: 32-bit
Narrow klass base: 0x0000000000000000, Narrow klass shift: 3
Compressed class space size: 1073741824 Address: 0x0000000100000000

Heap:
 PSYoungGen      total 117760K, used 20338K [0x00000000f5580000, 0x00000000fd680000, 0x0000000100000000)
  eden space 107520K, 10% used [0x00000000f5580000,0x00000000f6087228,0x00000000fbe80000)
  from space 10240K, 88% used [0x00000000fcc80000,0x00000000fd555640,0x00000000fd680000)
  to   space 12288K, 0% used [0x00000000fbe80000,0x00000000fbe80000,0x00000000fca80000)
 ParOldGen       total 175104K, used 7769K [0x00000000e0000000, 0x00000000eab00000, 0x00000000f5580000)
  object space 175104K, 4% used [0x00000000e0000000,0x00000000e0796418,0x00000000eab00000)
 Metaspace       used 33985K, capacity 34780K, committed 35072K, reserved 1079296K
  class space    used 4534K, capacity 4747K, committed 4864K, reserved 1048576K

Card table byte_map: [0x0000000012420000,0x0000000012530000] byte_map_base: 0x0000000011d20000

Marking Bits: (ParMarkBitMap*) 0x0000000058299f30
 Begin Bits: [0x00000000129e0000, 0x00000000131e0000)
 End Bits:   [0x00000000131e0000, 0x00000000139e0000)

Polling page: 0x0000000002d90000

CodeCache: size=245760Kb used=10075Kb max_used=10087Kb free=235684Kb
 bounds [0x0000000003060000, 0x0000000003a50000, 0x0000000012060000]
 total_blobs=3364 nmethods=2675 adapters=602
 compilation: enabled

Compilation events (10 events):
Event: 8.062 Thread 0x000000001448a800 nmethod 2704 0x0000000003a35410 code [0x0000000003a35580, 0x0000000003a357e8]
Event: 8.062 Thread 0x000000001448a800 2705  s    3       java.io.BufferedInputStream::read (113 bytes)
Event: 8.063 Thread 0x000000001448a800 nmethod 2705 0x0000000003a358d0 code [0x0000000003a35aa0, 0x0000000003a36418]
Event: 8.063 Thread 0x000000001448a800 2708       3       groovyjarjarasm.asm.ClassReader::readCode (5089 bytes)
Event: 8.083 Thread 0x000000001447d000 nmethod 2692 0x0000000003a3a410 code [0x0000000003a3a600, 0x0000000003a3b608]
Event: 8.083 Thread 0x000000001447d000 2699       4       groovyjarjarasm.asm.ClassReader::readUtf (161 bytes)
Event: 8.090 Thread 0x000000001447d000 nmethod 2699 0x0000000003a36790 code [0x0000000003a36900, 0x0000000003a36eb8]
Event: 8.090 Thread 0x000000001447d000 2716       4       groovyjarjarasm.asm.ClassReader::readUtf (44 bytes)
Event: 8.103 Thread 0x000000001447d000 nmethod 2716 0x0000000003a37f90 code [0x0000000003a38100, 0x0000000003a388d8]
Event: 8.103 Thread 0x000000001447d000 2717       4       groovyjarjarasm.asm.ClassReader::readUTF8 (23 bytes)

GC Heap History (10 events):
Event: 4.706 GC heap before
{Heap before GC invocations=3 (full 0):
 PSYoungGen      total 76288K, used 75095K [0x00000000f5580000, 0x00000000faa80000, 0x0000000100000000)
  eden space 65536K, 100% used [0x00000000f5580000,0x00000000f9580000,0x00000000f9580000)
  from space 10752K, 88% used [0x00000000fa000000,0x00000000fa955e60,0x00000000faa80000)
  to   space 10752K, 0% used [0x00000000f9580000,0x00000000f9580000,0x00000000fa000000)
 ParOldGen       total 175104K, used 24K [0x00000000e0000000, 0x00000000eab00000, 0x00000000f5580000)
  object space 175104K, 0% used [0x00000000e0000000,0x00000000e0006000,0x00000000eab00000)
 Metaspace       used 20137K, capacity 20756K, committed 21120K, reserved 1067008K
  class space    used 2917K, capacity 3075K, committed 3200K, reserved 1048576K
Event: 4.719 GC heap after
Heap after GC invocations=3 (full 0):
 PSYoungGen      total 76288K, used 10743K [0x00000000f5580000, 0x00000000faa80000, 0x0000000100000000)
  eden space 65536K, 0% used [0x00000000f5580000,0x00000000f5580000,0x00000000f9580000)
  from space 10752K, 99% used [0x00000000f9580000,0x00000000f9ffdd28,0x00000000fa000000)
  to   space 10752K, 0% used [0x00000000fa000000,0x00000000fa000000,0x00000000faa80000)
 ParOldGen       total 175104K, used 1308K [0x00000000e0000000, 0x00000000eab00000, 0x00000000f5580000)
  object space 175104K, 0% used [0x00000000e0000000,0x00000000e0147118,0x00000000eab00000)
 Metaspace       used 20137K, capacity 20756K, committed 21120K, reserved 1067008K
  class space    used 2917K, capacity 3075K, committed 3200K, reserved 1048576K
}
Event: 4.808 GC heap before
{Heap before GC invocations=4 (full 0):
 PSYoungGen      total 76288K, used 14113K [0x00000000f5580000, 0x00000000faa80000, 0x0000000100000000)
  eden space 65536K, 5% used [0x00000000f5580000,0x00000000f58ca9d8,0x00000000f9580000)
  from space 10752K, 99% used [0x00000000f9580000,0x00000000f9ffdd28,0x00000000fa000000)
  to   space 10752K, 0% used [0x00000000fa000000,0x00000000fa000000,0x00000000faa80000)
 ParOldGen       total 175104K, used 1308K [0x00000000e0000000, 0x00000000eab00000, 0x00000000f5580000)
  object space 175104K, 0% used [0x00000000e0000000,0x00000000e0147118,0x00000000eab00000)
 Metaspace       used 20631K, capacity 21204K, committed 21296K, reserved 1067008K
  class space    used 2979K, capacity 3139K, committed 3200K, reserved 1048576K
Event: 4.817 GC heap after
Heap after GC invocations=4 (full 0):
 PSYoungGen      total 76288K, used 7880K [0x00000000f5580000, 0x00000000fea80000, 0x0000000100000000)
  eden space 65536K, 0% used [0x00000000f5580000,0x00000000f5580000,0x00000000f9580000)
  from space 10752K, 73% used [0x00000000fa000000,0x00000000fa7b21e8,0x00000000faa80000)
  to   space 10752K, 0% used [0x00000000f9580000,0x00000000f9580000,0x00000000fa000000)
 ParOldGen       total 175104K, used 1316K [0x00000000e0000000, 0x00000000eab00000, 0x00000000f5580000)
  object space 175104K, 0% used [0x00000000e0000000,0x00000000e0149118,0x00000000eab00000)
 Metaspace       used 20631K, capacity 21204K, committed 21296K, reserved 1067008K
  class space    used 2979K, capacity 3139K, committed 3200K, reserved 1048576K
}
Event: 4.817 GC heap before
{Heap before GC invocations=5 (full 1):
 PSYoungGen      total 76288K, used 7880K [0x00000000f5580000, 0x00000000fea80000, 0x0000000100000000)
  eden space 65536K, 0% used [0x00000000f5580000,0x00000000f5580000,0x00000000f9580000)
  from space 10752K, 73% used [0x00000000fa000000,0x00000000fa7b21e8,0x00000000faa80000)
  to   space 10752K, 0% used [0x00000000f9580000,0x00000000f9580000,0x00000000fa000000)
 ParOldGen       total 175104K, used 1316K [0x00000000e0000000, 0x00000000eab00000, 0x00000000f5580000)
  object space 175104K, 0% used [0x00000000e0000000,0x00000000e0149118,0x00000000eab00000)
 Metaspace       used 20631K, capacity 21204K, committed 21296K, reserved 1067008K
  class space    used 2979K, capacity 3139K, committed 3200K, reserved 1048576K
Event: 4.865 GC heap after
Heap after GC invocations=5 (full 1):
 PSYoungGen      total 76288K, used 0K [0x00000000f5580000, 0x00000000fea80000, 0x0000000100000000)
  eden space 65536K, 0% used [0x00000000f5580000,0x00000000f5580000,0x00000000f9580000)
  from space 10752K, 0% used [0x00000000fa000000,0x00000000fa000000,0x00000000faa80000)
  to   space 10752K, 0% used [0x00000000f9580000,0x00000000f9580000,0x00000000fa000000)
 ParOldGen       total 175104K, used 7753K [0x00000000e0000000, 0x00000000eab00000, 0x00000000f5580000)
  object space 175104K, 4% used [0x00000000e0000000,0x00000000e0792418,0x00000000eab00000)
 Metaspace       used 20631K, capacity 21204K, committed 21296K, reserved 1067008K
  class space    used 2979K, capacity 3139K, committed 3200K, reserved 1048576K
}
Event: 6.489 GC heap before
{Heap before GC invocations=6 (full 1):
 PSYoungGen      total 76288K, used 65536K [0x00000000f5580000, 0x00000000fea80000, 0x0000000100000000)
  eden space 65536K, 100% used [0x00000000f5580000,0x00000000f9580000,0x00000000f9580000)
  from space 10752K, 0% used [0x00000000fa000000,0x00000000fa000000,0x00000000faa80000)
  to   space 10752K, 0% used [0x00000000f9580000,0x00000000f9580000,0x00000000fa000000)
 ParOldGen       total 175104K, used 7753K [0x00000000e0000000, 0x00000000eab00000, 0x00000000f5580000)
  object space 175104K, 4% used [0x00000000e0000000,0x00000000e0792418,0x00000000eab00000)
 Metaspace       used 28252K, capacity 28860K, committed 28928K, reserved 1075200K
  class space    used 3863K, capacity 4045K, committed 4096K, reserved 1048576K
Event: 6.496 GC heap after
Heap after GC invocations=6 (full 1):
 PSYoungGen      total 76288K, used 7477K [0x00000000f5580000, 0x00000000fd900000, 0x0000000100000000)
  eden space 65536K, 0% used [0x00000000f5580000,0x00000000f5580000,0x00000000f9580000)
  from space 10752K, 69% used [0x00000000f9580000,0x00000000f9ccd5f8,0x00000000fa000000)
  to   space 12800K, 0% used [0x00000000fcc80000,0x00000000fcc80000,0x00000000fd900000)
 ParOldGen       total 175104K, used 7761K [0x00000000e0000000, 0x00000000eab00000, 0x00000000f5580000)
  object space 175104K, 4% used [0x00000000e0000000,0x00000000e0794418,0x00000000eab00000)
 Metaspace       used 28252K, capacity 28860K, committed 28928K, reserved 1075200K
  class space    used 3863K, capacity 4045K, committed 4096K, reserved 1048576K
}
Event: 7.839 GC heap before
{Heap before GC invocations=7 (full 1):
 PSYoungGen      total 76288K, used 73013K [0x00000000f5580000, 0x00000000fd900000, 0x0000000100000000)
  eden space 65536K, 100% used [0x00000000f5580000,0x00000000f9580000,0x00000000f9580000)
  from space 10752K, 69% used [0x00000000f9580000,0x00000000f9ccd5f8,0x00000000fa000000)
  to   space 12800K, 0% used [0x00000000fcc80000,0x00000000fcc80000,0x00000000fd900000)
 ParOldGen       total 175104K, used 7761K [0x00000000e0000000, 0x00000000eab00000, 0x00000000f5580000)
  object space 175104K, 4% used [0x00000000e0000000,0x00000000e0794418,0x00000000eab00000)
 Metaspace       used 32458K, capacity 33270K, committed 33536K, reserved 1079296K
  class space    used 4365K, capacity 4586K, committed 4608K, reserved 1048576K
Event: 7.856 GC heap after
Heap after GC invocations=7 (full 1):
 PSYoungGen      total 117760K, used 9045K [0x00000000f5580000, 0x00000000fd680000, 0x0000000100000000)
  eden space 107520K, 0% used [0x00000000f5580000,0x00000000f5580000,0x00000000fbe80000)
  from space 10240K, 88% used [0x00000000fcc80000,0x00000000fd555640,0x00000000fd680000)
  to   space 12288K, 0% used [0x00000000fbe80000,0x00000000fbe80000,0x00000000fca80000)
 ParOldGen       total 175104K, used 7769K [0x00000000e0000000, 0x00000000eab00000, 0x00000000f5580000)
  object space 175104K, 4% used [0x00000000e0000000,0x00000000e0796418,0x00000000eab00000)
 Metaspace       used 32458K, capacity 33270K, committed 33536K, reserved 1079296K
  class space    used 4365K, capacity 4586K, committed 4608K, reserved 1048576K
}

Deoptimization events (10 events):
Event: 4.777 Thread 0x0000000017f0d000 Uncommon trap: reason=bimorphic action=maybe_recompile pc=0x0000000003641578 method=java.io.BufferedInputStream.read([BII)I @ 101
Event: 4.777 Thread 0x0000000017f0d000 Uncommon trap: reason=bimorphic action=maybe_recompile pc=0x0000000003641578 method=java.io.BufferedInputStream.read([BII)I @ 101
Event: 4.778 Thread 0x0000000017f0d000 Uncommon trap: reason=bimorphic action=maybe_recompile pc=0x0000000003641578 method=java.io.BufferedInputStream.read([BII)I @ 101
Event: 4.778 Thread 0x0000000017f0d000 Uncommon trap: reason=bimorphic action=maybe_recompile pc=0x0000000003641578 method=java.io.BufferedInputStream.read([BII)I @ 101
Event: 6.030 Thread 0x0000000017f0d000 Uncommon trap: reason=unstable_if action=reinterpret pc=0x00000000035399a0 method=java.util.HashMap.hash(Ljava/lang/Object;)I @ 1
Event: 6.160 Thread 0x0000000017f0d000 Uncommon trap: reason=unstable_if action=reinterpret pc=0x00000000032fc20c method=java.io.WinNTFileSystem.resolve(Ljava/lang/String;Ljava/lang/String;)Ljava/lang/String; @ 49
Event: 6.216 Thread 0x0000000017f0d000 Uncommon trap: reason=unstable_if action=reinterpret pc=0x0000000003333570 method=java.util.LinkedHashMap.afterNodeInsertion(Z)V @ 1
Event: 6.513 Thread 0x0000000017f0d000 Uncommon trap: reason=unstable_if action=reinterpret pc=0x00000000032f1a7c method=java.util.HashMap.getNode(ILjava/lang/Object;)Ljava/util/HashMap$Node; @ 129
Event: 7.046 Thread 0x0000000017f0d000 Uncommon trap: reason=unstable_if action=reinterpret pc=0x00000000038fd3c8 method=org.objectweb.asm.ByteVector.putShort(I)Lorg/objectweb/asm/ByteVector; @ 13
Event: 8.041 Thread 0x0000000017f0d000 Uncommon trap: reason=unstable_if action=reinterpret pc=0x00000000036a9af8 method=java.io.BufferedInputStream.read([BII)I @ 56

Classes redefined (0 events):
No events

Internal exceptions (10 events):
Event: 7.541 Thread 0x0000000017f0d000 Exception <a 'java/lang/ClassNotFoundException': org/jetbrains/plugins/gradle/tooling/builder/ExternalTestsModelBuilderImplBeanInfo> (0x00000000f8cdd8b8) thrown at [D:\src\AOSP-openjdk-cygwin\jdk8u\hotspot\src\share\vm\classfile\systemDictionary.cpp, line
Event: 7.541 Thread 0x0000000017f0d000 Exception <a 'java/lang/ClassNotFoundException': org/jetbrains/plugins/gradle/tooling/builder/ExternalTestsModelBuilderImplCustomizer> (0x00000000f8cec5b8) thrown at [D:\src\AOSP-openjdk-cygwin\jdk8u\hotspot\src\share\vm\classfile\systemDictionary.cpp, li
Event: 7.592 Thread 0x0000000017f0d000 Exception <a 'java/lang/ClassNotFoundException': org/jetbrains/plugins/gradle/tooling/builder/ProjectExtensionsDataBuilderImplBeanInfo> (0x00000000f8f6e3f8) thrown at [D:\src\AOSP-openjdk-cygwin\jdk8u\hotspot\src\share\vm\classfile\systemDictionary.cpp, l
Event: 7.594 Thread 0x0000000017f0d000 Exception <a 'java/lang/ClassNotFoundException': org/jetbrains/plugins/gradle/tooling/builder/ProjectExtensionsDataBuilderImplCustomizer> (0x00000000f8f7e0d8) thrown at [D:\src\AOSP-openjdk-cygwin\jdk8u\hotspot\src\share\vm\classfile\systemDictionary.cpp,
Event: 7.598 Thread 0x0000000017f0d000 Exception <a 'java/lang/ClassNotFoundException': org/jetbrains/plugins/gradle/tooling/builder/IntelliJSettingsBuilderBeanInfo> (0x00000000f8fbc938) thrown at [D:\src\AOSP-openjdk-cygwin\jdk8u\hotspot\src\share\vm\classfile\systemDictionary.cpp, line 210]
Event: 7.598 Thread 0x0000000017f0d000 Exception <a 'java/lang/ClassNotFoundException': org/jetbrains/plugins/gradle/tooling/builder/IntelliJSettingsBuilderCustomizer> (0x00000000f8fcaf48) thrown at [D:\src\AOSP-openjdk-cygwin\jdk8u\hotspot\src\share\vm\classfile\systemDictionary.cpp, line 210
Event: 7.602 Thread 0x0000000017f0d000 Exception <a 'java/lang/ClassNotFoundException': org/jetbrains/plugins/gradle/tooling/builder/IntelliJProjectSettingsBuilderBeanInfo> (0x00000000f900abb8) thrown at [D:\src\AOSP-openjdk-cygwin\jdk8u\hotspot\src\share\vm\classfile\systemDictionary.cpp, lin
Event: 7.603 Thread 0x0000000017f0d000 Exception <a 'java/lang/ClassNotFoundException': org/jetbrains/plugins/gradle/tooling/builder/IntelliJProjectSettingsBuilderCustomizer> (0x00000000f9019a60) thrown at [D:\src\AOSP-openjdk-cygwin\jdk8u\hotspot\src\share\vm\classfile\systemDictionary.cpp, l
Event: 7.633 Thread 0x0000000017f0d000 Exception <a 'java/lang/ClassNotFoundException': java/util/concurrent/CopyOnWriteArrayListBeanInfo> (0x00000000f91d7958) thrown at [D:\src\AOSP-openjdk-cygwin\jdk8u\hotspot\src\share\vm\classfile\systemDictionary.cpp, line 210]
Event: 7.634 Thread 0x0000000017f0d000 Exception <a 'java/lang/ClassNotFoundException': java/util/concurrent/CopyOnWriteArrayListCustomizer> (0x00000000f91dfdf0) thrown at [D:\src\AOSP-openjdk-cygwin\jdk8u\hotspot\src\share\vm\classfile\systemDictionary.cpp, line 210]

Events (10 events):
Event: 8.104 loading class org/codehaus/groovy/ast/tools/ParameterUtils
Event: 8.104 loading class org/codehaus/groovy/ast/tools/ParameterUtils done
Event: 8.105 loading class org/codehaus/groovy/control/StaticVerifier
Event: 8.105 loading class org/codehaus/groovy/control/StaticVerifier done
Event: 8.106 loading class org/codehaus/groovy/transform/trait/TraitComposer
Event: 8.106 loading class org/codehaus/groovy/transform/trait/TraitComposer done
Event: 8.109 loading class groovy/transform/CompileStatic
Event: 8.109 loading class groovy/transform/CompileStatic done
Event: 8.110 loading class org/codehaus/groovy/transform/trait/SuperCallTraitTransformer
Event: 8.110 loading class org/codehaus/groovy/transform/trait/SuperCallTraitTransformer done


Dynamic libraries:
0x00007ff631160000 - 0x00007ff631191000 	D:\Program Files\Android\Android Studio\jre\bin\java.exe
0x00007ffd7bc40000 - 0x00007ffd7be30000 	C:\WINDOWS\SYSTEM32\ntdll.dll
0x00007ffd7b2c0000 - 0x00007ffd7b372000 	C:\WINDOWS\System32\KERNEL32.DLL
0x00007ffd78fc0000 - 0x00007ffd79263000 	C:\WINDOWS\System32\KERNELBASE.dll
0x00007ffd79cf0000 - 0x00007ffd79d93000 	C:\WINDOWS\System32\ADVAPI32.dll
0x00007ffd7b7f0000 - 0x00007ffd7b88e000 	C:\WINDOWS\System32\msvcrt.dll
0x00007ffd7aca0000 - 0x00007ffd7ad37000 	C:\WINDOWS\System32\sechost.dll
0x00007ffd7b940000 - 0x00007ffd7ba60000 	C:\WINDOWS\System32\RPCRT4.dll
0x00007ffd7a1d0000 - 0x00007ffd7a364000 	C:\WINDOWS\System32\USER32.dll
0x00007ffd78f90000 - 0x00007ffd78fb1000 	C:\WINDOWS\System32\win32u.dll
0x00007ffd7ad40000 - 0x00007ffd7ad66000 	C:\WINDOWS\System32\GDI32.dll
0x00007ffd799f0000 - 0x00007ffd79b84000 	C:\WINDOWS\System32\gdi32full.dll
0x00007ffd78d00000 - 0x00007ffd78d9e000 	C:\WINDOWS\System32\msvcp_win.dll
0x00007ffd79bf0000 - 0x00007ffd79cea000 	C:\WINDOWS\System32\ucrtbase.dll
0x00007ffd68980000 - 0x00007ffd68c05000 	C:\WINDOWS\WinSxS\amd64_microsoft.windows.common-controls_6595b64144ccf1df_6.0.18362.778_none_e6c6b761130d4fb8\COMCTL32.dll
0x00007ffd7aed0000 - 0x00007ffd7b206000 	C:\WINDOWS\System32\combase.dll
0x00007ffd78f10000 - 0x00007ffd78f90000 	C:\WINDOWS\System32\bcryptPrimitives.dll
0x00007ffd7ac70000 - 0x00007ffd7ac9e000 	C:\WINDOWS\System32\IMM32.DLL
0x0000000057910000 - 0x00000000579e2000 	D:\Program Files\Android\Android Studio\jre\jre\bin\msvcr100.dll
0x0000000057ad0000 - 0x0000000058316000 	D:\Program Files\Android\Android Studio\jre\jre\bin\server\jvm.dll
0x00007ffd7ad70000 - 0x00007ffd7ad78000 	C:\WINDOWS\System32\PSAPI.DLL
0x00007ffd75dc0000 - 0x00007ffd75de4000 	C:\WINDOWS\SYSTEM32\WINMM.dll
0x00007ffd411d0000 - 0x00007ffd411d9000 	C:\WINDOWS\SYSTEM32\WSOCK32.dll
0x00007ffd7a160000 - 0x00007ffd7a1cf000 	C:\WINDOWS\System32\WS2_32.dll
0x00007ffd737e0000 - 0x00007ffd737ea000 	C:\WINDOWS\SYSTEM32\VERSION.dll
0x00007ffd75d90000 - 0x00007ffd75dbd000 	C:\WINDOWS\SYSTEM32\WINMMBASE.dll
0x00007ffd78c00000 - 0x00007ffd78c4a000 	C:\WINDOWS\System32\cfgmgr32.dll
0x00007ffd5c3b0000 - 0x00007ffd5c3bf000 	D:\Program Files\Android\Android Studio\jre\jre\bin\verify.dll
0x00007ffd50c80000 - 0x00007ffd50ca9000 	D:\Program Files\Android\Android Studio\jre\jre\bin\java.dll
0x00007ffd52860000 - 0x00007ffd52876000 	D:\Program Files\Android\Android Studio\jre\jre\bin\zip.dll
0x00007ffd7a580000 - 0x00007ffd7ac65000 	C:\WINDOWS\System32\SHELL32.dll
0x00007ffd79da0000 - 0x00007ffd79e49000 	C:\WINDOWS\System32\shcore.dll
0x00007ffd79270000 - 0x00007ffd799f0000 	C:\WINDOWS\System32\windows.storage.dll
0x00007ffd78ba0000 - 0x00007ffd78bc3000 	C:\WINDOWS\System32\profapi.dll
0x00007ffd78b50000 - 0x00007ffd78b9a000 	C:\WINDOWS\System32\powrprof.dll
0x00007ffd78b00000 - 0x00007ffd78b10000 	C:\WINDOWS\System32\UMPDC.dll
0x00007ffd7a370000 - 0x00007ffd7a3c2000 	C:\WINDOWS\System32\shlwapi.dll
0x00007ffd78b10000 - 0x00007ffd78b21000 	C:\WINDOWS\System32\kernel.appcore.dll
0x00007ffd78ef0000 - 0x00007ffd78f07000 	C:\WINDOWS\System32\cryptsp.dll
0x00007ffd4af60000 - 0x00007ffd4af7a000 	D:\Program Files\Android\Android Studio\jre\jre\bin\net.dll
0x00007ffd6a7e0000 - 0x00007ffd6a9b5000 	C:\WINDOWS\SYSTEM32\urlmon.dll
0x00007ffd6abf0000 - 0x00007ffd6ae96000 	C:\WINDOWS\SYSTEM32\iertutil.dll
0x00007ffd784e0000 - 0x00007ffd784ec000 	C:\WINDOWS\SYSTEM32\CRYPTBASE.DLL
0x00007ffd78310000 - 0x00007ffd78377000 	C:\WINDOWS\system32\mswsock.dll
0x00007ffd4af40000 - 0x00007ffd4af53000 	D:\Program Files\Android\Android Studio\jre\jre\bin\nio.dll
0x00007ffd518d0000 - 0x00007ffd518f6000 	C:\Users\geile\.gradle\native\30\windows-amd64\native-platform.dll
0x00007ffd51dd0000 - 0x00007ffd51ddd000 	D:\Program Files\Android\Android Studio\jre\jre\bin\management.dll
0x00007ffd77e80000 - 0x00007ffd77eb3000 	C:\WINDOWS\system32\rsaenh.dll
0x00007ffd78bd0000 - 0x00007ffd78bf6000 	C:\WINDOWS\System32\bcrypt.dll
0x00007ffd78a20000 - 0x00007ffd78a45000 	C:\WINDOWS\SYSTEM32\USERENV.dll
0x00007ffd78020000 - 0x00007ffd7805a000 	C:\WINDOWS\SYSTEM32\IPHLPAPI.DLL
0x00007ffd7b2b0000 - 0x00007ffd7b2b8000 	C:\WINDOWS\System32\NSI.dll
0x00007ffd6e5a0000 - 0x00007ffd6e5b6000 	C:\WINDOWS\SYSTEM32\dhcpcsvc6.DLL
0x00007ffd6ff00000 - 0x00007ffd6ff1c000 	C:\WINDOWS\SYSTEM32\dhcpcsvc.DLL
0x00007ffd78060000 - 0x00007ffd7812a000 	C:\WINDOWS\SYSTEM32\DNSAPI.dll
0x00007ffd77260000 - 0x00007ffd77454000 	C:\WINDOWS\SYSTEM32\dbghelp.dll

VM Arguments:
jvm_args: -XX:MaxMetaspaceSize=256m -XX:+HeapDumpOnOutOfMemoryError -Xms256m -Xmx512m -Dfile.encoding=windows-1252 -Duser.country=CO -Duser.language=es -Duser.variant 
java_command: org.gradle.launcher.daemon.bootstrap.GradleDaemon 5.6.4
java_class_path (initial): C:\Users\geile\.gradle\wrapper\dists\gradle-5.6.4-all\ankdp27end7byghfw1q2sw75f\gradle-5.6.4\lib\gradle-launcher-5.6.4.jar
Launcher Type: SUN_STANDARD

Environment Variables:
PATH=C:\Program Files (x86)\Common Files\Oracle\Java\javapath;C:\WINDOWS\system32;C:\WINDOWS;C:\WINDOWS\System32\Wbem;C:\WINDOWS\System32\WindowsPowerShell\v1.0\;C:\WINDOWS\System32\OpenSSH\;C:\Program Files\Microsoft SQL Server\130\Tools\Binn\;C:\Program Files\Microsoft SQL Server\Client SDK\ODBC\170\Tools\Binn\;D:\xampp\php;C:\ProgramData\ComposerSetup\bin;D:\Program Files\nodejs\;C:\Program Files\Git\cmd;D:\Program Files\PuTTY\;C:\Program Files\Symfony;D:\Program Files\MATLAB\R2019b\bin;D:\PROGRA~3\PICC;C:\Program Files\dotnet\;C:\Ruby26-x64\bin;C:\RailsInstaller\Git\cmd;C:\RailsInstaller\Ruby2.3.3\bin;C:\Users\geile\AppData\Local\Microsoft\WindowsApps;D:\Users\geile\AppData\Local\Programs\Microsoft VS Code\bin;C:\Users\geile\AppData\Roaming\Composer\vendor\bin;C:\Users\geile\AppData\Roaming\npm;C:\Users\geile\AppData\Local\GitHubDesktop\bin;D:\Program Files\JetBrains\PhpStorm 2020.1\bin;;C:\Users\geile\AppData\Local\Microsoft\WindowsApps;;D:\Program Files\JetBrains\WebStorm 2020.1\bin;
USERNAME=geile
OS=Windows_NT
PROCESSOR_IDENTIFIER=Intel64 Family 6 Model 78 Stepping 3, GenuineIntel



---------------  S Y S T E M  ---------------

OS: Windows 10.0 , 64 bit Build 18362 (10.0.18362.778)

CPU:total 4 (initial active 4) (2 cores per cpu, 2 threads per core) family 6 model 78 stepping 3, cmov, cx8, fxsr, mmx, sse, sse2, sse3, ssse3, sse4.1, sse4.2, popcnt, avx, avx2, aes, clmul, erms, 3dnowpref, lzcnt, ht, tsc, tscinvbit, bmi1, bmi2, adx

Memory: 4k page, physical 8293816k(3029352k free), swap 15371704k(10001176k free)

vm_info: OpenJDK 64-Bit Server VM (25.212-b04) for windows-amd64 JRE (1.8.0_212-release-1586-b04), built by "builder" with MS VC++ 10.0 (VS2010)

time: Tue Apr 28 07:51:20 2020
timezone: Hora est. Pacífico, Sudamérica
elapsed time: 8 seconds (0d 0h 0m 8s)

